[00:57:37] [main/INFO]: Loading Minecraft 1.16.1 with Fabric Loader 0.14.8
[00:57:37] [ForkJoinPool-1-worker-2/WARN]: Mod starlight uses the version fabric-1.0.0-RC2-82ae5ca which isn't compatible with Loader's extended semantic version format (Could not parse version number component 'fabric'!), SemVer is recommended for reliably evaluating dependencies and prioritizing newer version
[00:57:37] [main/INFO]: Loading 19 mods:
	- antiresourcereload 1.2.1+1.16.1
	- atum 1.1.2+1.16.1
	- biome_threadlocal_fix 1.3
	- dynamicmenufps 0.1
	- fabricloader 0.14.8
	- fast_reset 1.4.1
	- forceport 1.1.0
	- java 18
	- krypton 0.1.3-SNAPSHOT+2021-02-20
	- lazydfu 0.1.2
	- lazystronghold 1.1.3
	- lithium 0.6.6
	- minecraft 1.16.1
	- sodium 0.2.1+build.10
	- speedrunigt 11.2+1.16.1
	- standardsettings 1.2.1.1+1.16.1
	- starlight fabric-1.0.0-RC2-82ae5ca
	- voyager 1.0.0
	- worldpreview 2.3.3+1.16.1
[00:57:37] [main/INFO]: SpongePowered MIXIN Subsystem Version=0.8.5 Source=file:/home/pramodhsathya/.local/share/multimc/libraries/net/fabricmc/sponge-mixin/0.11.4+mixin.0.8.5/sponge-mixin-0.11.4+mixin.0.8.5.jar Service=Knot/Fabric Env=CLIENT
[00:57:37] [main/INFO]: Compatibility level set to JAVA_11
[00:57:38] [main/INFO]: Loaded configuration file for Lithium: 79 options available, 1 override(s) found
[00:57:38] [main/INFO]: Loaded configuration file for Sodium: 24 options available, 0 override(s) found
[00:57:38] [main/WARN]: Force-disabling mixin 'world.player_chunk_tick.ThreadedAnvilChunkStorageMixin' as rule 'mixin.world.player_chunk_tick' (added by mods [krypton]) disables it and children
[00:57:46] [Render thread/INFO]: Environment: authHost='https://authserver.mojang.com', accountsHost='https://api.mojang.com', sessionHost='https://sessionserver.mojang.com', name='PROD'
[00:57:46] [Render thread/INFO]: Setting user: SathyaPramodh
[00:57:46] [Render thread/INFO]: [AntiResourceReload] Initializing.
[00:57:46] [Render thread/WARN]: ERROR : Couldn't load Narrator library : Unable to load library 'fliteWrapper': Native library (linux-x86-64/libfliteWrapper.so) not found in resource path (/usr/lib/multimc/jars/NewLaunch.jar:/home/pramodhsathya/.local/share/multimc/libraries/org/lwjgl/lwjgl-glfw/3.2.2/lwjgl-glfw-3.2.2.jar:/home/pramodhsathya/.local/share/multimc/libraries/org/lwjgl/lwjgl-jemalloc/3.2.2/lwjgl-jemalloc-3.2.2.jar:/home/pramodhsathya/.local/share/multimc/libraries/org/lwjgl/lwjgl-openal/3.2.2/lwjgl-openal-3.2.2.jar:/home/pramodhsathya/.local/share/multimc/libraries/org/lwjgl/lwjgl-opengl/3.2.2/lwjgl-opengl-3.2.2.jar:/home/pramodhsathya/.local/share/multimc/libraries/org/lwjgl/lwjgl-stb/3.2.2/lwjgl-stb-3.2.2.jar:/home/pramodhsathya/.local/share/multimc/libraries/org/lwjgl/lwjgl-tinyfd/3.2.2/lwjgl-tinyfd-3.2.2.jar:/home/pramodhsathya/.local/share/multimc/libraries/org/lwjgl/lwjgl/3.2.2/lwjgl-3.2.2.jar:/home/pramodhsathya/.local/share/multimc/libraries/com/mojang/patchy/1.3.9/patchy-1.3.9.jar:/home/pramodhsathya/.local/share/multimc/libraries/oshi-project/oshi-core/1.1/oshi-core-1.1.jar:/home/pramodhsathya/.local/share/multimc/libraries/net/java/dev/jna/jna/4.4.0/jna-4.4.0.jar:/home/pramodhsathya/.local/share/multimc/libraries/net/java/dev/jna/platform/3.4.0/platform-3.4.0.jar:/home/pramodhsathya/.local/share/multimc/libraries/com/ibm/icu/icu4j/66.1/icu4j-66.1.jar:/home/pramodhsathya/.local/share/multimc/libraries/com/mojang/javabridge/1.0.22/javabridge-1.0.22.jar:/home/pramodhsathya/.local/share/multimc/libraries/net/sf/jopt-simple/jopt-simple/5.0.3/jopt-simple-5.0.3.jar:/home/pramodhsathya/.local/share/multimc/libraries/io/netty/netty-all/4.1.25.Final/netty-all-4.1.25.Final.jar:/home/pramodhsathya/.local/share/multimc/libraries/com/google/guava/guava/21.0/guava-21.0.jar:/home/pramodhsathya/.local/share/multimc/libraries/org/apache/commons/commons-lang3/3.5/commons-lang3-3.5.jar:/home/pramodhsathya/.local/share/multimc/libraries/commons-io/commons-io/2.5/commons-io-2.5.jar:/home/pramodhsathya/.local/share/multimc/libraries/commons-codec/commons-codec/1.10/commons-codec-1.10.jar:/home/pramodhsathya/.local/share/multimc/libraries/com/mojang/brigadier/1.0.17/brigadier-1.0.17.jar:/home/pramodhsathya/.local/share/multimc/libraries/com/mojang/datafixerupper/3.0.25/datafixerupper-3.0.25.jar:/home/pramodhsathya/.local/share/multimc/libraries/com/google/code/gson/gson/2.8.0/gson-2.8.0.jar:/home/pramodhsathya/.local/share/multimc/libraries/com/mojang/authlib/1.6.25/authlib-1.6.25.jar:/home/pramodhsathya/.local/share/multimc/libraries/org/apache/commons/commons-compress/1.8.1/commons-compress-1.8.1.jar:/home/pramodhsathya/.local/share/multimc/libraries/org/apache/httpcomponents/httpclient/4.3.3/httpclient-4.3.3.jar:/home/pramodhsathya/.local/share/multimc/libraries/commons-logging/commons-logging/1.1.3/commons-logging-1.1.3.jar:/home/pramodhsathya/.local/share/multimc/libraries/org/apache/httpcomponents/httpcore/4.3.2/httpcore-4.3.2.jar:/home/pramodhsathya/.local/share/multimc/libraries/it/unimi/dsi/fastutil/8.2.1/fastutil-8.2.1.jar:/home/pramodhsathya/.local/share/multimc/libraries/org/apache/logging/log4j/log4j-api/2.16.0/log4j-api-2.16.0.jar:/home/pramodhsathya/.local/share/multimc/libraries/org/apache/logging/log4j/log4j-core/2.16.0/log4j-core-2.16.0.jar:/home/pramodhsathya/.local/share/multimc/libraries/com/mojang/text2speech/1.11.3/text2speech-1.11.3.jar:/home/pramodhsathya/.local/share/multimc/libraries/net/fabricmc/intermediary/1.16.1/intermediary-1.16.1.jar:/home/pramodhsathya/.local/share/multimc/libraries/net/fabricmc/tiny-mappings-parser/0.3.0+build.17/tiny-mappings-parser-0.3.0+build.17.jar:/home/pramodhsathya/.local/share/multimc/libraries/net/fabricmc/sponge-mixin/0.11.4+mixin.0.8.5/sponge-mixin-0.11.4+mixin.0.8.5.jar:/home/pramodhsathya/.local/share/multimc/libraries/net/fabricmc/tiny-remapper/0.8.2/tiny-remapper-0.8.2.jar:/home/pramodhsathya/.local/share/multimc/libraries/net/fabricmc/access-widener/2.1.0/access-widener-2.1.0.jar:/home/pramodhsathya/.local/share/multimc/libraries/org/ow2/asm/asm/9.3/asm-9.3.jar:/home/pramodhsathya/.local/share/multimc/libraries/org/ow2/asm/asm-analysis/9.3/asm-analysis-9.3.jar:/home/pramodhsathya/.local/share/multimc/libraries/org/ow2/asm/asm-commons/9.3/asm-commons-9.3.jar:/home/pramodhsathya/.local/share/multimc/libraries/org/ow2/asm/asm-tree/9.3/asm-tree-9.3.jar:/home/pramodhsathya/.local/share/multimc/libraries/org/ow2/asm/asm-util/9.3/asm-util-9.3.jar:/home/pramodhsathya/.local/share/multimc/libraries/net/fabricmc/fabric-loader/0.14.8/fabric-loader-0.14.8.jar:/home/pramodhsathya/.local/share/multimc/libraries/com/mojang/minecraft/1.16.1/minecraft-1.16.1-client.jar)
[00:57:46] [Render thread/INFO]: Initializing
[00:57:46] [Render thread/INFO]: [STDOUT]: Using Fast Reset
[00:57:46] [Render thread/INFO]: [Force Port Mod] Initializing
[00:57:46] [Render thread/INFO]: Compression will use libdeflate (Linux x86_64), encryption will use OpenSSL 1.1.x (Linux x86_64)
[00:57:46] [Render thread/INFO]: Krypton is now accelerating your Minecraft client's networking stack 🚀
[00:57:46] [Render thread/INFO]: Note that Krypton is most effective on servers, not the client.
[00:57:47] [Render thread/INFO]: Backend library: LWJGL version 3.2.2 build 10
[00:57:49] [Render thread/INFO]: Reloading ResourceManager: Default
[00:57:53] [Render thread/INFO]: OpenAL initialized.
[00:57:53] [Render thread/INFO]: Sound engine started
[00:57:53] [Render thread/INFO]: Created: 1024x1024x4 minecraft:textures/atlas/blocks.png-atlas
[00:57:53] [Render thread/INFO]: Created: 256x128x4 minecraft:textures/atlas/signs.png-atlas
[00:57:53] [Render thread/INFO]: Created: 1024x512x4 minecraft:textures/atlas/banner_patterns.png-atlas
[00:57:53] [Render thread/INFO]: Created: 1024x512x4 minecraft:textures/atlas/shield_patterns.png-atlas
[00:57:53] [Render thread/INFO]: Created: 256x256x4 minecraft:textures/atlas/chest.png-atlas
[00:57:53] [Render thread/INFO]: Created: 512x256x4 minecraft:textures/atlas/beds.png-atlas
[00:57:53] [Render thread/INFO]: Created: 512x256x4 minecraft:textures/atlas/shulker_boxes.png-atlas
[00:57:54] [Render thread/INFO]: Created: 256x256x0 minecraft:textures/atlas/particles.png-atlas
[00:57:54] [Render thread/INFO]: Created: 256x256x0 minecraft:textures/atlas/paintings.png-atlas
[00:57:54] [Render thread/INFO]: Created: 256x128x0 minecraft:textures/atlas/mob_effects.png-atlas
[00:58:25] [Render thread/INFO]: [AntiResourceReload] Using data-packs, reloading.
[00:58:26] [Render thread/WARN]: Ambiguity between arguments [teleport, destination] and [teleport, targets] with inputs: [Player, 0123, @e, dd12be42-52a9-4a91-a8a1-11c01849e498]
[00:58:26] [Render thread/WARN]: Ambiguity between arguments [teleport, location] and [teleport, destination] with inputs: [0.1 -0.5 .9, 0 0 0]
[00:58:26] [Render thread/WARN]: Ambiguity between arguments [teleport, location] and [teleport, targets] with inputs: [0.1 -0.5 .9, 0 0 0]
[00:58:26] [Render thread/WARN]: Ambiguity between arguments [teleport, targets] and [teleport, destination] with inputs: [Player, 0123, dd12be42-52a9-4a91-a8a1-11c01849e498]
[00:58:26] [Render thread/WARN]: Ambiguity between arguments [teleport, targets, location] and [teleport, targets, destination] with inputs: [0.1 -0.5 .9, 0 0 0]
[00:58:26] [Render thread/INFO]: Reloading ResourceManager: Default, Bastion Practice v2.6.1
[00:58:27] [Render thread/INFO]: Loaded 7 recipes
[00:58:27] [Render thread/INFO]: Loaded 929 advancements
[00:58:28] [Render thread/INFO]: Environment: authHost='https://authserver.mojang.com', accountsHost='https://api.mojang.com', sessionHost='https://sessionserver.mojang.com', name='PROD'
[00:58:28] [Server thread/INFO]: Starting integrated minecraft server version 1.16.1
[00:58:28] [Server thread/INFO]: Generating keypair
[00:58:29] [Stronghold thread/INFO]: [LazyStronghold] Started stronghold gen thread
[00:58:29] [Server thread/INFO]: Preparing start region for dimension minecraft:overworld
[00:58:31] [Render thread/INFO]: Setting the stage: 0%
[00:58:31] [Render thread/INFO]: Setting the stage: 0%
[00:58:31] [Render thread/INFO]: Setting the stage: 0%
[00:58:31] [Render thread/INFO]: Setting the stage: 0%
[00:58:31] [Render thread/INFO]: Setting the stage: 0%
[00:58:31] [Render thread/INFO]: Setting the stage: 0%
[00:58:32] [Render thread/INFO]: Setting the stage: 6%
[00:58:32] [Render thread/INFO]: Setting the stage: 6%
[00:58:33] [Render thread/INFO]: Setting the stage: 75%
[00:58:33] [Render thread/INFO]: Setting the stage: 90%
[00:58:34] [Stronghold thread/INFO]: [LazyStronghold] Generated 128 strongholds.
[00:58:34] [Render thread/INFO]: Setting the stage: 90%
[00:58:34] [Render thread/INFO]: Setting the stage: 90%
[00:58:35] [Render thread/INFO]: Setting the stage: 90%
[00:58:35] [Render thread/INFO]: Setting the stage: 94%
[00:58:36] [Render thread/INFO]: Time elapsed: 6919 ms
[00:58:36] [Server thread/INFO]: Changing view distance to 15, from 10
[00:58:37] [Server thread/INFO]: SathyaPramodh[local:E:97fe06c9] logged in with entity id 92 at (5.5, 132.0, 5.0)
[00:58:38] [Server thread/INFO]: Enter SathyaPramodh
[00:58:38] [Netty Local Client IO #0/INFO]: Applying server pack /home/pramodhsathya/.local/share/multimc/instances/Speedrunning/.minecraft/saves/BastionPractice/resources.zip
[00:58:38] [Render thread/INFO]: Started 8 worker threads
[00:58:38] [Server thread/INFO]: Saving and pausing game...
[00:58:38] [Server thread/INFO]: Saving chunks for level 'ServerLevel[§fLlama's Bastion Practice §6§lv2.6.1]'/minecraft:overworld
[00:58:38] [Render thread/INFO]: Reloading ResourceManager: Default, resources.zip
[00:58:38] [Render thread/INFO]: Loaded 218 advancements
[00:58:39] [Server thread/INFO]: Saving chunks for level 'ServerLevel[§fLlama's Bastion Practice §6§lv2.6.1]'/minecraft:the_nether
[00:58:39] [Server thread/INFO]: Saving chunks for level 'ServerLevel[§fLlama's Bastion Practice §6§lv2.6.1]'/minecraft:the_end
[00:58:39] [Render thread/INFO]: Stopping worker threads
[00:58:39] [Render thread/INFO]: Started 8 worker threads
[00:58:39] [Render thread/INFO]: Stopping worker threads
[00:58:39] [Render thread/INFO]: Started 8 worker threads
[00:58:39] [Server thread/WARN]: Can't keep up! Is the server overloaded? Running 2562ms or 51 ticks behind
[00:58:42] [Render thread/INFO]: OpenAL initialized.
[00:58:42] [Render thread/INFO]: Sound engine started
[00:58:42] [Render thread/INFO]: Created: 1024x1024x4 minecraft:textures/atlas/blocks.png-atlas
[00:58:43] [Render thread/INFO]: Created: 256x128x4 minecraft:textures/atlas/signs.png-atlas
[00:58:43] [Render thread/INFO]: Created: 1024x512x4 minecraft:textures/atlas/banner_patterns.png-atlas
[00:58:43] [Render thread/INFO]: Created: 1024x512x4 minecraft:textures/atlas/shield_patterns.png-atlas
[00:58:43] [Render thread/INFO]: Created: 256x256x4 minecraft:textures/atlas/chest.png-atlas
[00:58:43] [Render thread/INFO]: Created: 512x256x4 minecraft:textures/atlas/beds.png-atlas
[00:58:43] [Render thread/INFO]: Created: 512x256x4 minecraft:textures/atlas/shulker_boxes.png-atlas
[00:58:43] [Render thread/INFO]: Created: 256x256x0 minecraft:textures/atlas/particles.png-atlas
[00:58:43] [Render thread/INFO]: Created: 256x256x0 minecraft:textures/atlas/paintings.png-atlas
[00:58:43] [Render thread/INFO]: Created: 256x128x0 minecraft:textures/atlas/mob_effects.png-atlas
[00:58:44] [Render thread/INFO]: Stopping worker threads
[00:58:44] [Render thread/INFO]: Started 8 worker threads
[00:58:47] [Render thread/INFO]: Stopping worker threads
[00:58:47] [Server thread/INFO]: Saving and pausing game...
[00:58:47] [Render thread/INFO]: Started 8 worker threads
[00:58:47] [Server thread/INFO]: Saving chunks for level 'ServerLevel[§fLlama's Bastion Practice §6§lv2.6.1]'/minecraft:overworld
[00:58:47] [Render thread/INFO]: Stopping worker threads
[00:58:47] [Render thread/INFO]: Started 8 worker threads
[00:58:47] [Server thread/INFO]: Saving chunks for level 'ServerLevel[§fLlama's Bastion Practice §6§lv2.6.1]'/minecraft:the_nether
[00:58:47] [Server thread/INFO]: Saving chunks for level 'ServerLevel[§fLlama's Bastion Practice §6§lv2.6.1]'/minecraft:the_end
[00:58:55] [Render thread/WARN]: Received passengers for unknown entity
[00:59:01] [Server thread/WARN]: Can't keep up! Is the server overloaded? Running 5373ms or 107 ticks behind
[00:59:13] [Render thread/WARN]: Received passengers for unknown entity
[00:59:29] [Render thread/INFO]: Stopping worker threads
[00:59:29] [Render thread/INFO]: Started 8 worker threads
[00:59:29] [Render thread/INFO]: Stopping worker threads
[00:59:29] [Server thread/INFO]: Saving and pausing game...
[00:59:29] [Server thread/INFO]: Saving chunks for level 'ServerLevel[§fLlama's Bastion Practice §6§lv2.6.1]'/minecraft:overworld
[00:59:29] [Render thread/INFO]: Started 8 worker threads
[00:59:29] [Server thread/INFO]: Saving chunks for level 'ServerLevel[§fLlama's Bastion Practice §6§lv2.6.1]'/minecraft:the_nether
[00:59:29] [Server thread/INFO]: Saving chunks for level 'ServerLevel[§fLlama's Bastion Practice §6§lv2.6.1]'/minecraft:the_end
[00:59:29] [Render thread/INFO]: Stopping worker threads
[00:59:30] [Render thread/INFO]: Started 8 worker threads
[00:59:30] [Render thread/INFO]: Stopping worker threads
[00:59:30] [Render thread/INFO]: Started 8 worker threads
[00:59:35] [Render thread/WARN]: Received passengers for unknown entity
[00:59:36] [Server thread/INFO]: Saving and pausing game...
[00:59:36] [Server thread/INFO]: Saving chunks for level 'ServerLevel[§fLlama's Bastion Practice §6§lv2.6.1]'/minecraft:overworld
[00:59:36] [Server thread/INFO]: Saving chunks for level 'ServerLevel[§fLlama's Bastion Practice §6§lv2.6.1]'/minecraft:the_nether
[00:59:36] [Server thread/INFO]: Saving chunks for level 'ServerLevel[§fLlama's Bastion Practice §6§lv2.6.1]'/minecraft:the_end
[00:59:41] [Server thread/WARN]: Can't keep up! Is the server overloaded? Running 5046ms or 100 ticks behind
[00:59:47] [Render thread/WARN]: Received passengers for unknown entity
[00:59:56] [Render thread/WARN]: Received passengers for unknown entity
[00:59:59] [Render thread/WARN]: Received passengers for unknown entity
[01:00:09] [Render thread/WARN]: Received passengers for unknown entity
[01:00:09] [Render thread/WARN]: Received passengers for unknown entity
[01:00:10] [Render thread/WARN]: Received passengers for unknown entity
[01:00:15] [Render thread/INFO]: Stopping worker threads
[01:00:16] [Server thread/INFO]: Saving and pausing game...
[01:00:16] [Render thread/INFO]: Started 8 worker threads
[01:00:16] [Server thread/INFO]: Saving chunks for level 'ServerLevel[§fLlama's Bastion Practice §6§lv2.6.1]'/minecraft:overworld
[01:00:16] [Render thread/INFO]: Stopping worker threads
[01:00:16] [Server thread/INFO]: Saving chunks for level 'ServerLevel[§fLlama's Bastion Practice §6§lv2.6.1]'/minecraft:the_nether
[01:00:16] [Render thread/INFO]: Started 8 worker threads
[01:00:16] [Server thread/INFO]: Saving chunks for level 'ServerLevel[§fLlama's Bastion Practice §6§lv2.6.1]'/minecraft:the_end
[01:00:16] [Render thread/INFO]: Stopping worker threads
[01:00:16] [Render thread/INFO]: Started 8 worker threads
[01:00:16] [Render thread/INFO]: Stopping worker threads
[01:00:17] [Render thread/INFO]: Started 8 worker threads
[01:00:18] [Server thread/INFO]: Saving and pausing game...
[01:00:18] [Server thread/INFO]: Saving chunks for level 'ServerLevel[§fLlama's Bastion Practice §6§lv2.6.1]'/minecraft:overworld
[01:00:18] [Server thread/INFO]: Saving chunks for level 'ServerLevel[§fLlama's Bastion Practice §6§lv2.6.1]'/minecraft:the_nether
[01:00:18] [Server thread/INFO]: Saving chunks for level 'ServerLevel[§fLlama's Bastion Practice §6§lv2.6.1]'/minecraft:the_end
[01:05:05] [Server thread/INFO]: SathyaPramodh lost connection: Thou hath lost thy link
[01:05:05] [Server thread/INFO]: Exit SathyaPramodh
[01:05:05] [Server thread/INFO]: Stopping singleplayer server as player logged out
[01:05:05] [Server thread/INFO]: Stopping server
[01:05:05] [Server thread/INFO]: Saving players
[01:05:05] [Server thread/INFO]: Saving worlds
[01:05:05] [Server thread/INFO]: Saving chunks for level 'ServerLevel[§fLlama's Bastion Practice §6§lv2.6.1]'/minecraft:overworld
[01:05:05] [Server thread/INFO]: Saving chunks for level 'ServerLevel[§fLlama's Bastion Practice §6§lv2.6.1]'/minecraft:the_nether
[01:05:05] [Server thread/INFO]: Saving chunks for level 'ServerLevel[§fLlama's Bastion Practice §6§lv2.6.1]'/minecraft:the_end
[01:05:05] [Render thread/INFO]: Reloading ResourceManager: Default
[01:05:05] [Render thread/INFO]: Stopping worker threads
[01:05:05] [Thread-33/INFO]: ThreadedAnvilChunkStorage (DIM1): All chunks are saved
[01:05:05] [Thread-33/ERROR]: Uncaught exception in thread "Thread-33"
java.lang.IllegalStateException: Lock is no longer valid
	at net.minecraft.class_32$class_5143.method_27017(class_32.java:297) ~[client-intermediary.jar:?]
	at net.minecraft.class_32$class_5143.method_27015(class_32.java:364) ~[client-intermediary.jar:?]
	at net.minecraft.server.MinecraftServer.md08d698$lambda$getWorldsInjectTwo$0$0(MinecraftServer.java:2225) ~[client-intermediary.jar:?]
	at java.lang.Thread.run(Thread.java:833) [?:?]
[01:05:07] [Render thread/INFO]: OpenAL initialized.
[01:05:07] [Render thread/INFO]: Sound engine started
[01:05:07] [Render thread/INFO]: Created: 1024x1024x4 minecraft:textures/atlas/blocks.png-atlas
[01:05:07] [Render thread/INFO]: Created: 256x128x4 minecraft:textures/atlas/signs.png-atlas
[01:05:07] [Render thread/INFO]: Created: 1024x512x4 minecraft:textures/atlas/banner_patterns.png-atlas
[01:05:07] [Render thread/INFO]: Created: 1024x512x4 minecraft:textures/atlas/shield_patterns.png-atlas
[01:05:07] [Render thread/INFO]: Created: 256x256x4 minecraft:textures/atlas/chest.png-atlas
[01:05:07] [Render thread/INFO]: Created: 512x256x4 minecraft:textures/atlas/beds.png-atlas
[01:05:07] [Render thread/INFO]: Created: 512x256x4 minecraft:textures/atlas/shulker_boxes.png-atlas
[01:05:07] [Render thread/INFO]: Created: 256x256x0 minecraft:textures/atlas/particles.png-atlas
[01:05:07] [Render thread/INFO]: Created: 256x256x0 minecraft:textures/atlas/paintings.png-atlas
[01:05:07] [Render thread/INFO]: Created: 256x128x0 minecraft:textures/atlas/mob_effects.png-atlas
[01:05:09] [Render thread/INFO]: Stopping!
