No   IGT            Start RTA      End RTA        Length     Retime?    Reason / Notice
1    08:48.049      08:48.009      08:55.260      7.251      7.251      Paused by player, Unpause by player
2    08:52.749      08:59.946      09:11.443      11.497     11.497     Paused by player, Unpause by player
3    08:54.299      09:12.958      09:25.494      12.536     12.536     Paused by player, Unpause by player
4    08:57.949      09:29.126      09:30.226      1.100      1.100      Paused by player, Unpause by player
5    09:00.399      09:32.678      11:23.363      110.685    110.685    Paused by player, Unpause by player
6    09:02.299      11:25.248      11:39.964      14.716     14.716     Paused by player, Unpause by player
7    09:11.099      11:48.728      12:11.364      22.636     22.636     Paused by player, Unpause by player
8    09:19.549      12:19.795      12:23.297      3.502      3.502      Paused by player, Unpause by player
9    09:19.849      12:23.578      12:24.163      0.585      0.585      Paused by player, Unpause by player
10   09:20.249      12:24.562      12:25.764      1.202      1.202      Paused by player, Unpause by player
11   09:25.249      12:30.762      12:31.431      0.669      0.669      Paused by player, Unpause by player
12   09:25.649      12:31.812      12:32.613      0.801      0.801      Paused by player, Unpause by player
13   09:26.049      12:32.995      12:33.747      0.752      0.752      Paused by player, Unpause by player
14   09:33.999      12:41.680      12:43.549      1.869      1.869      Paused by player, Unpause by player
15   09:39.349      12:48.862      12:49.848      0.986      0.986      Paused by player, Unpause by player
16   09:40.049      12:50.529      12:54.949      4.420      4.420      Paused by player, Unpause by player
17   09:52.849      13:07.713      13:08.615      0.902      0.902      Paused by player, Unpause by player
18   09:53.249      13:08.980      13:15.497      6.517      6.517      Paused by player, Unpause by player
19   09:59.099      13:21.381      13:26.416      5.035      5.035      Paused by player, Unpause by player
20   10:07.649      13:34.929      13:36.448      1.519      1.519      Paused by player, Unpause by player
21   10:17.699      13:46.497      14:00.748      14.251     14.251     Paused by player, Unpause by player
22   10:44.599      14:27.648      14:29.166      1.518      1.518      Paused by player, Unpause by player
23   10:45.749      14:30.298      14:30.867      0.569      0.569      Paused by player, Unpause by player
24   10:46.249      14:31.331      14:33.617      2.286      2.286      Paused by player, Unpause by player
25   12:42.399      16:29.784      16:32.602      2.818      2.818      Paused by player, Unpause by player
26   12:43.749      16:33.917      16:36.686      2.769      2.769      Paused by player, Unpause by player
27   13:38.099      17:31.050      17:32.969      1.919      1.919      Paused by player, Unpause by player
28   14:03.499      17:58.368      17:59.002      0.634      0.634      Paused by player, Unpause by player
29   14:04.849      18:00.368      21:51.073      230.705    230.705    Paused by player, Unpause by player
30   17:02.799      24:49.008      24:49.560      0.552      0.552      Paused by player, Unpause by player
31   17:03.299      24:50.041      24:51.128      1.087      1.087      Paused by player, Unpause by player
32   17:03.799      24:51.592      24:52.160      0.568      0.568      Paused by player, Unpause by player
33   17:04.099      24:52.459      24:53.608      1.149      1.149      Paused by player, Unpause by player
34   17:13.399      25:02.908      25:11.210      8.302      8.302      Paused by player, Unpause by player
35   20:50.899      28:48.696      28:53.263      4.567      4.567      Paused by player, Unpause by player
36   20:55.349      28:57.696      29:06.997      9.301      9.301      Paused by player, Unpause by player
37   21:00.649      29:12.279      29:18.065      5.786      5.786      Paused by player, Unpause by player
38   21:22.649      29:40.064      29:48.750      8.686      8.686      Paused by player, Unpause by player
39   21:28.949      29:55.013      29:55.816      0.803      0.803      Paused by player, Unpause by player
40   21:29.399      29:56.231      29:56.849      0.618      0.618      Paused by player, Unpause by player
41   21:29.999      29:57.447      29:58.965      1.518      1.518      Paused by player, Unpause by player
42   21:52.749      30:21.698      30:59.500      37.802     37.802     Paused by player, Unpause by player
43   22:17.999      31:24.732      31:25.418      0.686      0.686      Paused by player, Unpause by player
44   22:18.299      31:25.715      31:26.667      0.952      0.952      Paused by player, Unpause by player
45   22:18.799      31:27.166      31:27.568      0.402      0.402      Paused by player, Unpause by player
46   22:19.749      31:28.516      31:29.535      1.019      1.019      Paused by player, Unpause by player
47   22:20.649      31:30.415      31:35.050      4.635      4.635      Paused by player, Unpause by player
48   22:20.999      31:35.399      31:40.502      5.103      5.103      Paused by player, Unpause by player
49   23:33.199      32:52.717      32:56.602      3.885      3.885      Paused by player, Unpause by player
50   23:34.699      32:58.084      33:00.767      2.683      2.683      Paused by player, Unpause by player
51   24:17.099      33:43.168      33:53.120      9.952      9.952      Paused by player, Unpause by player
52   24:25.099      34:01.118      34:16.552      15.434     15.434     Paused by player, Unpause by player
53   24:40.849      34:32.302      35:41.572      69.270     69.270     Paused by player, Unpause by player
54   25:27.599      36:28.304      37:10.907      42.603     42.603     Paused by player, Unpause by player
55   26:18.199      38:01.489      38:15.409      13.920     13.920     Paused by player, Unpause by player
56   26:29.799      38:26.973      38:33.890      6.917      6.917      Paused by player, Unpause by player
57   27:04.599      39:08.690      39:23.292      14.602     14.602     Paused by player, Unpause by player
58   27:10.549      39:29.240      40:13.793      44.553     44.553     Paused by player, Unpause by player
59   27:48.699      40:51.942      40:53.209      1.267      1.267      Paused by player, Unpause by player
60   27:51.649      40:56.142      40:57.243      1.101      1.101      Paused by player, Unpause by player
61   28:02.449      41:08.026      41:10.045      2.019      2.019      Paused by player, Unpause by player
62   28:17.799      41:25.359      41:29.177      3.818      3.818      Paused by player, Unpause by player
63   28:48.349      41:59.726      42:34.629      34.903     34.903     Paused by player, Unpause by player
64   28:52.999      42:39.277      42:44.095      4.818      4.818      Paused by player, Unpause by player
65   28:56.199      42:47.277      42:47.812      0.535      0.535      Paused by player, Unpause by player
66   29:05.899      42:57.510      43:01.297      3.787      3.787      Paused by player, Unpause by player
67   29:06.749      43:02.111      43:06.596      4.485      4.485      Paused by player, Unpause by player
68   29:24.199      43:24.028      43:24.379      0.351      0.351      Paused by player, Unpause by player
69   29:24.699      43:24.861      43:25.312      0.451      0.451      Paused by player, Unpause by player
70   29:25.399      43:25.995      43:26.446      0.451      0.451      Paused by player, Unpause by player
71   29:26.049      43:27.078      43:27.929      0.851      0.851      Paused by player, Unpause by player
72   29:33.649      43:35.513      43:43.680      8.167      8.167      Paused by player, Unpause by player
73   29:54.799      44:04.795      44:05.930      1.135      1.135      Paused by player, Unpause by player
74   29:55.799      44:06.912      44:07.314      0.402      0.402      Paused by player, Unpause by player
75   29:56.349      44:07.846      44:08.314      0.468      0.468      Paused by player, Unpause by player
76   29:57.049      44:08.978      44:09.432      0.454      0.454      Paused by player, Unpause by player
77   30:17.549      44:29.895      45:03.164      33.269     33.269     Paused by player, Unpause by player
78   30:36.049      45:21.663      45:25.400      3.737      3.737      Paused by player, Unpause by player
79   30:37.699      45:27.014      45:28.166      1.152      1.152      Paused by player, Unpause by player
80   30:38.199      45:28.630      45:29.234      0.604      0.604      Paused by player, Unpause by player
81   30:38.799      45:29.797      45:30.381      0.584      0.584      Paused by player, Unpause by player
82   30:39.499      45:31.064      45:31.948      0.884      0.884      Paused by player, Unpause by player
83   30:58.899      45:51.347      46:26.599      35.252     35.252     Paused by player, Unpause by player
84   31:00.549      46:28.236      46:36.633      8.397      8.397      Paused by player, Unpause by player
85   32:49.449      48:25.500      49:33.403      67.903     67.903     Paused by player, Unpause by player
86   33:09.499      49:53.418      49:54.321      0.903      0.903      Paused by player, Unpause by player
87   33:10.149      49:54.934      49:55.604      0.670      0.670      Paused by player, Unpause by player
88   33:22.349      50:07.768      50:09.653      1.885      1.885      Paused by player, Unpause by player
89   33:25.149      50:12.436      50:13.354      0.918      0.918      Paused by player, Unpause by player
90   33:27.799      50:15.968      50:17.703      1.735      1.735      Paused by player, Unpause by player
91   33:30.399      50:20.285      50:23.920      3.635      3.635      Paused by player, Unpause by player
92   33:31.899      50:25.418      50:27.336      1.918      1.918      Paused by player, Unpause by player
93   33:32.999      50:28.419      50:30.588      2.169      2.169      Paused by player, Unpause by player
94   33:37.449      50:35.002      50:36.604      1.602      1.602      Paused by player, Unpause by player
95   33:42.949      50:42.069      50:43.887      1.818      1.818      Paused by player, Unpause by player
96   37:25.299      54:26.239      54:33.724      7.485      7.485      Paused by player, Unpause by player
97   37:37.849      54:46.240      55:23.409      37.169     37.169     Paused by player, Unpause by player
98   40:29.549      58:15.126      58:22.679      7.553      7.553      Paused by player, Unpause by player
99   40:30.099      58:23.243      58:27.062      3.819      3.819      Paused by player, Unpause by player
100  40:31.299      58:28.260      58:50.080      21.820     21.820     Paused by player, Unpause by player
